<?xml version="1.0" encoding="utf-8"?><testsuites name="pytest tests"><testsuite name="pytest" errors="0" failures="0" skipped="0" tests="11" time="3.233" timestamp="2026-08-16T06:51:23.314778+00:00" hostname="agent-env-5d819c6b-820c-426b-9f42-26be04eecaef"><testcase classname="backend.tests.test_backdated_invoice_deletion.TestAuth" name="test_admin_login" time="0.517" /><testcase classname="backend.tests.test_backdated_invoice_deletion.TestAuth" name="test_staff_login" time="0.384" /><testcase classname="backend.tests.test_backdated_invoice_deletion.TestOrphansEndpointShape" name="test_orphans_response_has_both_arrays" time="0.117" /><testcase classname="backend.tests.test_backdated_invoice_deletion.TestOrphansEndpointShape" name="test_orphans_forbidden_for_staff" time="0.098" /><testcase classname="backend.tests.test_backdated_invoice_deletion.TestBackdatedDeleteRBAC" name="test_staff_cannot_delete_backdated_invoice" time="0.113" /><testcase classname="backend.tests.test_backdated_invoice_deletion.TestBackdatedDeleteRBAC" name="test_admin_can_delete_backdated_invoice" time="0.151" /><testcase classname="backend.tests.test_backdated_invoice_deletion.TestOrphansAndRelink" name="test_needs_relinking_visible_after_delete" time="0.267" /><testcase classname="backend.tests.test_backdated_invoice_deletion.TestOrphansAndRelink" name="test_relink_updates_paid_amount" time="0.407" /><testcase classname="backend.tests.test_backdated_invoice_deletion.TestOrphansAndRelink" name="test_relink_staff_forbidden" time="0.164" /><testcase classname="backend.tests.test_backdated_invoice_deletion.TestRegenerateEndpoint" name="test_regenerate_forbidden_for_staff" time="0.161" /><testcase classname="backend.tests.test_backdated_invoice_deletion.TestRegenerateEndpoint" name="test_regenerate_admin_restores_payments_and_stamp" time="0.705" /></testsuite></testsuites>