<?xml version="1.0" encoding="utf-8"?><testsuites name="pytest tests"><testsuite name="pytest" errors="0" failures="0" skipped="0" tests="11" time="0.748" timestamp="2026-06-09T19:19:44.544683+00:00" hostname="agent-env-5d819c6b-820c-426b-9f42-26be04eecaef"><testcase classname="backend.tests.test_daily_purchase_requirement_grouping.TestDailyPurchaseRequirementGrouping" name="test_response_top_level_shape" time="0.695" /><testcase classname="backend.tests.test_daily_purchase_requirement_grouping.TestDailyPurchaseRequirementGrouping" name="test_no_duplicate_products" time="0.000" /><testcase classname="backend.tests.test_daily_purchase_requirement_grouping.TestDailyPurchaseRequirementGrouping" name="test_total_items_equal_unique_count" time="0.000" /><testcase classname="backend.tests.test_daily_purchase_requirement_grouping.TestDailyPurchaseRequirementGrouping" name="test_item_fields_present" time="0.000" /><testcase classname="backend.tests.test_daily_purchase_requirement_grouping.TestDailyPurchaseRequirementGrouping" name="test_banana_combined_variants_and_dozens" time="0.000" /><testcase classname="backend.tests.test_daily_purchase_requirement_grouping.TestDailyPurchaseRequirementGrouping" name="test_elaichi_banana_half_dozen_calculation" time="0.000" /><testcase classname="backend.tests.test_daily_purchase_requirement_grouping.TestDailyPurchaseRequirementGrouping" name="test_multi_variant_products_single_row[onion-expected_variant_tokens0]" time="0.000" /><testcase classname="backend.tests.test_daily_purchase_requirement_grouping.TestDailyPurchaseRequirementGrouping" name="test_multi_variant_products_single_row[tomato hybrid-expected_variant_tokens1]" time="0.000" /><testcase classname="backend.tests.test_daily_purchase_requirement_grouping.TestDailyPurchaseRequirementGrouping" name="test_multi_variant_products_single_row[jamun-expected_variant_tokens2]" time="0.000" /><testcase classname="backend.tests.test_daily_purchase_requirement_grouping.TestDailyPurchaseRequirementGrouping" name="test_multi_variant_products_single_row[bottle gourd-expected_variant_tokens3]" time="0.000" /><testcase classname="backend.tests.test_daily_purchase_requirement_grouping.TestDailyPurchaseRequirementGrouping" name="test_non_banana_dozens_is_zero" time="0.000" /></testsuite></testsuites>