<?xml version="1.0" encoding="utf-8"?><testsuites name="pytest tests"><testsuite name="pytest" errors="0" failures="0" skipped="0" tests="8" time="2.855" timestamp="2026-08-05T06:32:11.573212+00:00" hostname="agent-env-5d819c6b-820c-426b-9f42-26be04eecaef"><testcase classname="backend.tests.test_expenses_pagination.TestVariableExpensesDefault" name="test_default_returns_last_90_days" time="0.721" /><testcase classname="backend.tests.test_expenses_pagination.TestVariableExpensesDefault" name="test_explicit_from_to_date_overrides_default" time="0.372" /><testcase classname="backend.tests.test_expenses_pagination.TestVariableExpensesDefault" name="test_limit_supports_more_than_500" time="0.170" /><testcase classname="backend.tests.test_expenses_pagination.TestVariableExpensesDefault" name="test_default_filter_excludes_old_records" time="0.680" /><testcase classname="backend.tests.test_expenses_pagination.TestVariableExpensesDefault" name="test_new_expense_appears_in_default_list" time="0.440" /><testcase classname="backend.tests.test_expenses_pagination.TestFixedExpensesDefault" name="test_default_returns_current_month_year" time="0.143" /><testcase classname="backend.tests.test_expenses_pagination.TestFixedExpensesDefault" name="test_explicit_month_year_overrides_default" time="0.141" /><testcase classname="backend.tests.test_expenses_pagination.TestFixedExpensesDefault" name="test_limit_smoke" time="0.132" /></testsuite></testsuites>