<?xml version="1.0" encoding="utf-8"?><testsuites name="pytest tests"><testsuite name="pytest" errors="0" failures="0" skipped="0" tests="8" time="3.756" timestamp="2026-08-01T11:26:23.773524+00:00" hostname="agent-env-5d819c6b-820c-426b-9f42-26be04eecaef"><testcase classname="backend.tests.test_field_team_dashboard.TestFieldTeamAuth" name="test_login_returns_field_team_role" time="0.453" /><testcase classname="backend.tests.test_field_team_dashboard.TestAssignedRetailers" name="test_get_assigned_retailers" time="0.421" /><testcase classname="backend.tests.test_field_team_dashboard.TestAssignedRetailers" name="test_unauthenticated_rejected" time="0.102" /><testcase classname="backend.tests.test_field_team_dashboard.TestPortfolioSummary" name="test_portfolio_summary" time="0.099" /><testcase classname="backend.tests.test_field_team_dashboard.TestRetailerDashboard" name="test_retailer_dashboard" time="0.360" /><testcase classname="backend.tests.test_field_team_dashboard.TestRetailerDashboard" name="test_retailer_payment_details" time="0.104" /><testcase classname="backend.tests.test_field_team_dashboard.TestRetailerDashboard" name="test_unauthorized_retailer_returns_404" time="0.105" /><testcase classname="backend.tests.test_field_team_dashboard.TestCreateIndent" name="test_create_indent" time="2.065" /></testsuite></testsuites>