<?xml version="1.0" encoding="utf-8"?><testsuites name="pytest tests"><testsuite name="pytest" errors="0" failures="0" skipped="0" tests="8" time="3.671" timestamp="2026-08-01T11:01:02.831696+00:00" hostname="agent-env-5d819c6b-820c-426b-9f42-26be04eecaef"><testcase classname="backend.tests.test_field_team_dashboard.TestFieldTeamAuth" name="test_login_returns_field_team_role" time="0.366" /><testcase classname="backend.tests.test_field_team_dashboard.TestAssignedRetailers" name="test_get_assigned_retailers" time="0.425" /><testcase classname="backend.tests.test_field_team_dashboard.TestAssignedRetailers" name="test_unauthenticated_rejected" time="0.105" /><testcase classname="backend.tests.test_field_team_dashboard.TestPortfolioSummary" name="test_portfolio_summary" time="0.103" /><testcase classname="backend.tests.test_field_team_dashboard.TestRetailerDashboard" name="test_retailer_dashboard" time="0.383" /><testcase classname="backend.tests.test_field_team_dashboard.TestRetailerDashboard" name="test_retailer_payment_details" time="0.103" /><testcase classname="backend.tests.test_field_team_dashboard.TestRetailerDashboard" name="test_unauthorized_retailer_returns_404" time="0.096" /><testcase classname="backend.tests.test_field_team_dashboard.TestCreateIndent" name="test_create_indent" time="2.032" /></testsuite></testsuites>