<?xml version="1.0" encoding="utf-8"?><testsuites name="pytest tests"><testsuite name="pytest" errors="0" failures="0" skipped="0" tests="17" time="2.258" timestamp="2026-08-05T07:03:31.160180+00:00" hostname="agent-env-5d819c6b-820c-426b-9f42-26be04eecaef"><testcase classname="backend.tests.test_fixed_expenses_enhancements.TestFixedExpenseFilters" name="test_month_year_mode" time="0.705" /><testcase classname="backend.tests.test_fixed_expenses_enhancements.TestFixedExpenseFilters" name="test_date_range_mode" time="0.059" /><testcase classname="backend.tests.test_fixed_expenses_enhancements.TestFixedExpenseFilters" name="test_default_current_month" time="0.058" /><testcase classname="backend.tests.test_fixed_expenses_enhancements.TestFixedExpenseVendorFields" name="test_create_with_vendor_and_invoice" time="0.057" /><testcase classname="backend.tests.test_fixed_expenses_enhancements.TestFixedExpenseVendorFields" name="test_get_persists_vendor_fields" time="0.057" /><testcase classname="backend.tests.test_fixed_expenses_enhancements.TestFixedExpenseVendorFields" name="test_cleanup" time="0.057" /><testcase classname="backend.tests.test_fixed_expenses_enhancements.TestCorporateEmployees" name="test_create" time="0.067" /><testcase classname="backend.tests.test_fixed_expenses_enhancements.TestCorporateEmployees" name="test_list_contains" time="0.086" /><testcase classname="backend.tests.test_fixed_expenses_enhancements.TestCorporateEmployees" name="test_update" time="0.123" /><testcase classname="backend.tests.test_fixed_expenses_enhancements.TestCorporateEmployees" name="test_delete_soft" time="0.112" /><testcase classname="backend.tests.test_fixed_expenses_enhancements.TestRecurringTemplates" name="test_create" time="0.066" /><testcase classname="backend.tests.test_fixed_expenses_enhancements.TestRecurringTemplates" name="test_missing_fields_400" time="0.055" /><testcase classname="backend.tests.test_fixed_expenses_enhancements.TestRecurringTemplates" name="test_list_contains" time="0.055" /><testcase classname="backend.tests.test_fixed_expenses_enhancements.TestRecurringTemplates" name="test_update" time="0.114" /><testcase classname="backend.tests.test_fixed_expenses_enhancements.TestGenerateRecurring" name="test_generate_uses_templates" time="0.177" /><testcase classname="backend.tests.test_fixed_expenses_enhancements.TestGenerateRecurring" name="test_idempotent_generate" time="0.225" /><testcase classname="backend.tests.test_fixed_expenses_enhancements.TestRecurringTemplatesCleanup" name="test_delete_template" time="0.116" /></testsuite></testsuites>