<?xml version="1.0" encoding="utf-8"?><testsuites name="pytest tests"><testsuite name="pytest" errors="0" failures="0" skipped="0" tests="8" time="1.899" timestamp="2026-07-14T13:00:28.872495+00:00" hostname="agent-env-5d819c6b-820c-426b-9f42-26be04eecaef"><testcase classname="backend.tests.test_ve_pnl_allocation_h3_h4.TestH4EndpointSmoke" name="test_endpoint_exists_and_returns_shape" time="0.766" /><testcase classname="backend.tests.test_ve_pnl_allocation_h3_h4.TestH4EndpointSmoke" name="test_endpoint_requires_auth" time="0.193" /><testcase classname="backend.tests.test_ve_pnl_allocation_h3_h4.TestH3H4SplitTypeAllocation" name="test_h4_selected_split" time="0.313" /><testcase classname="backend.tests.test_ve_pnl_allocation_h3_h4.TestH3H4SplitTypeAllocation" name="test_h4_selected_split_excludes_non_selected" time="0.062" /><testcase classname="backend.tests.test_ve_pnl_allocation_h3_h4.TestH3H4SplitTypeAllocation" name="test_h4_all_equal_split" time="0.063" /><testcase classname="backend.tests.test_ve_pnl_allocation_h3_h4.TestH3H4SplitTypeAllocation" name="test_h4_proportional_split" time="0.065" /><testcase classname="backend.tests.test_ve_pnl_allocation_h3_h4.TestH3H4SplitTypeAllocation" name="test_h3_pnl_customer_variable_expenses_field" time="0.309" /><testcase classname="backend.tests.test_ve_pnl_allocation_h3_h4.TestPartIUsersReturnsStatus" name="test_users_include_status_field" time="0.061" /></testsuite></testsuites>