<?xml version="1.0" encoding="utf-8"?><testsuites name="pytest tests"><testsuite name="pytest" errors="0" failures="0" skipped="0" tests="3" time="2.300" timestamp="2026-07-11T01:38:13.110600+00:00" hostname="agent-env-5d819c6b-820c-426b-9f42-26be04eecaef"><testcase classname="backend.tests.test_auto_indent_datetime_fix.TestAutoIndentDatetimeBugfix" name="test_admin_login" time="0.628" /><testcase classname="backend.tests.test_auto_indent_datetime_fix.TestAutoIndentDatetimeBugfix" name="test_generate_auto_indent_sales_basis_no_datetime_error" time="0.846" /><testcase classname="backend.tests.test_auto_indent_datetime_fix.TestAutoIndentDatetimeBugfix" name="test_generate_auto_indent_sales_basis_response_shape" time="0.771" /></testsuite></testsuites>