<?xml version="1.0" encoding="utf-8"?><testsuites name="pytest tests"><testsuite name="pytest" errors="0" failures="0" skipped="0" tests="9" time="0.586" timestamp="2026-07-13T11:11:03.970168+00:00" hostname="agent-env-5d819c6b-820c-426b-9f42-26be04eecaef"><testcase classname="backend.tests.test_retailer_catalogue_mrp_dual_key.TestMrpResponseStructure" name="test_response_has_mrp_data" time="0.531" /><testcase classname="backend.tests.test_retailer_catalogue_mrp_dual_key.TestMrpResponseStructure" name="test_response_has_piece_products_count" time="0.000" /><testcase classname="backend.tests.test_retailer_catalogue_mrp_dual_key.TestMrpResponseStructure" name="test_response_has_date_fields" time="0.000" /><testcase classname="backend.tests.test_retailer_catalogue_mrp_dual_key.TestDualKeyInsertion" name="test_piece_products_count_reasonable" time="0.000" /><testcase classname="backend.tests.test_retailer_catalogue_mrp_dual_key.TestDualKeyInsertion" name="test_specific_piece_product_present[281b85f6-7fd6-49b8-ae0a-b05241f9c6ad_unit_piece-expected0]" time="0.001" /><testcase classname="backend.tests.test_retailer_catalogue_mrp_dual_key.TestDualKeyInsertion" name="test_specific_piece_product_present[9ec93854-0cd5-40ed-84ff-57154cde3376_unit_piece-expected1]" time="0.000" /><testcase classname="backend.tests.test_retailer_catalogue_mrp_dual_key.TestDualKeyInsertion" name="test_specific_piece_product_present[79eb2b80-0adf-4bb6-89cb-5f0e18148939_unit_piece-expected2]" time="0.000" /><testcase classname="backend.tests.test_retailer_catalogue_mrp_dual_key.TestDualKeyInsertion" name="test_dual_keys_look_like_unit_piece_or_packet" time="0.000" /><testcase classname="backend.tests.test_retailer_catalogue_mrp_dual_key.TestDualKeyInsertion" name="test_dual_key_entries_have_positive_mrp" time="0.000" /></testsuite></testsuites>