<?xml version="1.0" encoding="utf-8"?><testsuites name="pytest tests"><testsuite name="pytest" errors="0" failures="0" skipped="0" tests="3" time="3.806" timestamp="2026-08-31T18:17:54.105685+00:00" hostname="agent-env-5d819c6b-820c-426b-9f42-26be04eecaef"><testcase classname="backend.tests.test_negative_pending_overpayment" name="test_overpayment_creates_negative_pending" time="1.620" /><testcase classname="backend.tests.test_negative_pending_overpayment" name="test_payment_update_allows_negative_pending" time="0.974" /><testcase classname="backend.tests.test_negative_pending_overpayment" name="test_payment_delete_recomputes_pending" time="1.169" /></testsuite></testsuites>