<?xml version="1.0" encoding="utf-8"?><testsuites name="pytest tests"><testsuite name="pytest" errors="0" failures="0" skipped="0" tests="15" time="5.966" timestamp="2026-04-05T11:35:21.843263+00:00" hostname="agent-env-5d819c6b-820c-426b-9f42-26be04eecaef"><testcase classname="backend.tests.test_daily_requirement.TestDailyRequirementEndpoints" name="test_retailer_indents_endpoint" time="0.468" /><testcase classname="backend.tests.test_daily_requirement.TestDailyRequirementEndpoints" name="test_save_retailer_daily_requirement" time="0.375" /><testcase classname="backend.tests.test_daily_requirement.TestDailyRequirementEndpoints" name="test_get_retailer_daily_requirement" time="0.425" /><testcase classname="backend.tests.test_daily_requirement.TestDailyRequirementEndpoints" name="test_list_retailer_daily_requirements" time="0.371" /><testcase classname="backend.tests.test_daily_requirement.TestDailyRequirementEndpoints" name="test_qc_wastage_averages_endpoint" time="0.390" /><testcase classname="backend.tests.test_daily_requirement.TestDailyRequirementEndpoints" name="test_qc_indents_endpoint" time="0.423" /><testcase classname="backend.tests.test_daily_requirement.TestDailyRequirementEndpoints" name="test_save_qc_daily_requirement" time="0.403" /><testcase classname="backend.tests.test_daily_requirement.TestDailyRequirementEndpoints" name="test_get_qc_daily_requirement" time="0.391" /><testcase classname="backend.tests.test_daily_requirement.TestDailyRequirementEndpoints" name="test_list_qc_daily_requirements" time="0.367" /><testcase classname="backend.tests.test_daily_requirement.TestDailyRequirementEndpoints" name="test_retailer_bidirectional_calculation_rate_to_amount" time="0.327" /><testcase classname="backend.tests.test_daily_requirement.TestDailyRequirementEndpoints" name="test_retailer_bidirectional_calculation_amount_to_rate" time="0.376" /><testcase classname="backend.tests.test_daily_requirement.TestDailyRequirementEndpoints" name="test_qc_actual_qty_calculation" time="0.324" /><testcase classname="backend.tests.test_daily_requirement.TestDailyRequirementEndpoints" name="test_qc_bunches_calculation" time="0.364" /><testcase classname="backend.tests.test_daily_requirement.TestDailyRequirementDataIntegrity" name="test_save_and_retrieve_retailer_requirement" time="0.431" /><testcase classname="backend.tests.test_daily_requirement.TestDailyRequirementDataIntegrity" name="test_save_and_retrieve_qc_requirement" time="0.454" /></testsuite></testsuites>