<?xml version="1.0" encoding="utf-8"?><testsuites name="pytest tests"><testsuite name="pytest" errors="0" failures="0" skipped="2" tests="8" time="10.750" timestamp="2026-04-07T09:50:30.710309+00:00" hostname="agent-env-5d819c6b-820c-426b-9f42-26be04eecaef"><testcase classname="backend.tests.test_dispatch_item_edit_delete.TestDispatchItemEditDelete" name="test_01_get_dispatches" time="0.414" /><testcase classname="backend.tests.test_dispatch_item_edit_delete.TestDispatchItemEditDelete" name="test_02_check_invoice_status_endpoint" time="0.464" /><testcase classname="backend.tests.test_dispatch_item_edit_delete.TestDispatchItemEditDelete" name="test_03_invoice_status_for_nonexistent_dispatch" time="0.382" /><testcase classname="backend.tests.test_dispatch_item_edit_delete.TestDispatchItemEditDelete" name="test_04_edit_dispatch_item_endpoint_exists" time="0.538" /><testcase classname="backend.tests.test_dispatch_item_edit_delete.TestDispatchItemEditDelete" name="test_05_delete_dispatch_item_endpoint_exists" time="0.456" /><testcase classname="backend.tests.test_dispatch_item_edit_delete.TestDispatchItemEditDelete" name="test_06_edit_blocked_for_invoiced_dispatch" time="3.889"><skipped type="pytest.skip" message="No invoiced dispatches found for testing">/app/backend/tests/test_dispatch_item_edit_delete.py:191: No invoiced dispatches found for testing</skipped></testcase><testcase classname="backend.tests.test_dispatch_item_edit_delete.TestDispatchItemEditDelete" name="test_07_delete_blocked_for_invoiced_dispatch" time="3.933"><skipped type="pytest.skip" message="No invoiced dispatches found for testing">/app/backend/tests/test_dispatch_item_edit_delete.py:230: No invoiced dispatches found for testing</skipped></testcase><testcase classname="backend.tests.test_dispatch_item_edit_delete.TestDispatchItemEditDeleteIntegration" name="test_08_full_edit_workflow" time="0.613" /></testsuite></testsuites>