<?xml version="1.0" encoding="utf-8"?><testsuites name="pytest tests"><testsuite name="pytest" errors="0" failures="0" skipped="0" tests="13" time="3.590" timestamp="2026-04-08T15:09:32.358262+00:00" hostname="agent-env-5d819c6b-820c-426b-9f42-26be04eecaef"><testcase classname="backend.tests.test_variable_expenses_pnl.TestAuth" name="test_login_success" time="0.392" /><testcase classname="backend.tests.test_variable_expenses_pnl.TestVariableExpensesAPI" name="test_create_expense_with_rate_quantity" time="0.446" /><testcase classname="backend.tests.test_variable_expenses_pnl.TestVariableExpensesAPI" name="test_create_expense_with_partially_paid_status" time="0.113" /><testcase classname="backend.tests.test_variable_expenses_pnl.TestVariableExpensesAPI" name="test_create_expense_with_paid_status" time="0.136" /><testcase classname="backend.tests.test_variable_expenses_pnl.TestVariableExpensesAPI" name="test_get_expenses_returns_new_fields" time="0.147" /><testcase classname="backend.tests.test_variable_expenses_pnl.TestVariableExpensesAPI" name="test_update_expense_payment_status" time="0.229" /><testcase classname="backend.tests.test_variable_expenses_pnl.TestVariableExpensesAPI" name="test_cleanup_test_expenses" time="0.584" /><testcase classname="backend.tests.test_variable_expenses_pnl.TestCustomerPnLAPI" name="test_pnl_endpoint_returns_customer_pnl" time="0.451" /><testcase classname="backend.tests.test_variable_expenses_pnl.TestCustomerPnLAPI" name="test_retail_customers_have_rejection_share" time="0.166" /><testcase classname="backend.tests.test_variable_expenses_pnl.TestCustomerPnLAPI" name="test_tamanna_mart_rejection_share" time="0.118" /><testcase classname="backend.tests.test_variable_expenses_pnl.TestCustomerPnLAPI" name="test_qc_customers_have_grn_loss_share" time="0.146" /><testcase classname="backend.tests.test_variable_expenses_pnl.TestCustomerPnLAPI" name="test_vertical_bifurcation_has_rejection" time="0.127" /><testcase classname="backend.tests.test_variable_expenses_pnl.TestPnLSummary" name="test_pnl_summary_fields" time="0.483" /></testsuite></testsuites>