<?xml version="1.0" encoding="utf-8"?><testsuites name="pytest tests"><testsuite name="pytest" errors="0" failures="0" skipped="0" tests="11" time="5.632" timestamp="2026-03-26T14:02:36.454684+00:00" hostname="agent-env-5d819c6b-820c-426b-9f42-26be04eecaef"><testcase classname="backend.tests.test_grn_csv_upload.TestGRNCsvUpload" name="test_login_success" time="0.871" /><testcase classname="backend.tests.test_grn_csv_upload.TestGRNCsvUpload" name="test_get_dispatches" time="0.426" /><testcase classname="backend.tests.test_grn_csv_upload.TestGRNCsvUpload" name="test_grn_csv_upload_valid_date" time="0.473" /><testcase classname="backend.tests.test_grn_csv_upload.TestGRNCsvUpload" name="test_grn_csv_upload_invalid_date" time="0.488" /><testcase classname="backend.tests.test_grn_csv_upload.TestGRNCsvUpload" name="test_grn_csv_upload_mixed_dates" time="0.497" /><testcase classname="backend.tests.test_grn_csv_upload.TestGRNCsvUpload" name="test_grn_matched_items_have_rate_amount_columns" time="0.461" /><testcase classname="backend.tests.test_grn_csv_upload.TestGRNCsvUpload" name="test_get_dispatch_summary_for_grn" time="0.377" /><testcase classname="backend.tests.test_grn_csv_upload.TestGRNCsvUpload" name="test_save_grn" time="0.570" /><testcase classname="backend.tests.test_grn_csv_upload.TestGRNCsvUpload" name="test_get_grns" time="0.375" /><testcase classname="backend.tests.test_grn_csv_upload.TestGRNCsvUpload" name="test_csv_upload_non_csv_file_rejected" time="0.453" /><testcase classname="backend.tests.test_grn_csv_upload.TestGRNCsvUpload" name="test_csv_upload_unauthorized" time="0.478" /></testsuite></testsuites>