<?xml version="1.0" encoding="utf-8"?><testsuites name="pytest tests"><testsuite name="pytest" errors="0" failures="0" skipped="0" tests="9" time="11.804" timestamp="2026-05-05T12:55:59.300394+00:00" hostname="agent-env-5d819c6b-820c-426b-9f42-26be04eecaef"><testcase classname="backend.tests.test_rejection_features.TestRejectionFeatures" name="test_01_health_check" time="0.604" /><testcase classname="backend.tests.test_rejection_features.TestRejectionFeatures" name="test_02_get_retailers" time="0.684" /><testcase classname="backend.tests.test_rejection_features.TestRejectionFeatures" name="test_03_get_rejections_list" time="0.911" /><testcase classname="backend.tests.test_rejection_features.TestRejectionFeatures" name="test_04_rejection_history_single_product" time="1.376" /><testcase classname="backend.tests.test_rejection_features.TestRejectionFeatures" name="test_05_rejection_history_batch_api" time="0.965" /><testcase classname="backend.tests.test_rejection_features.TestRejectionFeatures" name="test_06_rejection_history_batch_empty_input" time="1.171" /><testcase classname="backend.tests.test_rejection_features.TestRejectionFeatures" name="test_07_get_dispatches_for_rejection_modal" time="2.399" /><testcase classname="backend.tests.test_rejection_features.TestRejectionFeatures" name="test_08_rejection_created_at_in_response" time="0.811" /><testcase classname="backend.tests.test_rejection_features.TestRejectionFeatures" name="test_09_rejection_history_includes_created_at" time="2.830" /></testsuite></testsuites>