<?xml version="1.0" encoding="utf-8"?><testsuites name="pytest tests"><testsuite name="pytest" errors="0" failures="0" skipped="0" tests="5" time="2.881" timestamp="2026-04-01T06:53:44.829751+00:00" hostname="agent-env-5d819c6b-820c-426b-9f42-26be04eecaef"><testcase classname="backend.tests.test_palak_wastage_cogs.TestPalakWastageDistribution" name="test_palak_wastage_distribution_march_31" time="0.706" /><testcase classname="backend.tests.test_palak_wastage_cogs.TestQCGrnQtyKgCalculation" name="test_grn_qty_kg_used_in_line_items" time="0.538" /><testcase classname="backend.tests.test_palak_wastage_cogs.TestCOGSCalculation" name="test_cogs_equals_sum_of_line_item_cogs" time="0.701" /><testcase classname="backend.tests.test_palak_wastage_cogs.TestVerticalWastageMatch" name="test_vertical_wastage_matches_line_items" time="0.434" /><testcase classname="backend.tests.test_palak_wastage_cogs.TestDashboardCOGSLabel" name="test_cogs_label_in_api_response" time="0.446" /></testsuite></testsuites>