<?xml version="1.0" encoding="utf-8"?><testsuites name="pytest tests"><testsuite name="pytest" errors="0" failures="0" skipped="0" tests="9" time="2.720" timestamp="2026-04-01T08:19:07.777328+00:00" hostname="agent-env-5d819c6b-820c-426b-9f42-26be04eecaef"><testcase classname="backend.tests.test_retailer_inventory_features.TestRetailerLogin" name="test_retailer_login_success" time="0.444" /><testcase classname="backend.tests.test_retailer_inventory_features.TestAddInventoryItem" name="test_add_inventory_item_success" time="0.546" /><testcase classname="backend.tests.test_retailer_inventory_features.TestAddInventoryItem" name="test_add_duplicate_item_fails" time="0.206" /><testcase classname="backend.tests.test_retailer_inventory_features.TestAddInventoryItem" name="test_add_item_missing_fields" time="0.109" /><testcase classname="backend.tests.test_retailer_inventory_features.TestSaveAllInventory" name="test_save_all_inventory_success" time="0.219" /><testcase classname="backend.tests.test_retailer_inventory_features.TestSaveAllInventory" name="test_save_all_empty_list" time="0.095" /><testcase classname="backend.tests.test_retailer_inventory_features.TestEditInventoryItem" name="test_edit_inventory_item" time="0.315" /><testcase classname="backend.tests.test_retailer_inventory_features.TestDeleteInventoryItem" name="test_delete_inventory_item" time="0.307" /><testcase classname="backend.tests.test_retailer_inventory_features.TestClosingQtyCalculation" name="test_closing_qty_formula" time="0.417" /></testsuite></testsuites>