<?xml version="1.0" encoding="utf-8"?><testsuites name="pytest tests"><testsuite name="pytest" errors="0" failures="0" skipped="0" tests="11" time="2.332" timestamp="2026-04-01T07:28:26.058526+00:00" hostname="agent-env-5d819c6b-820c-426b-9f42-26be04eecaef"><testcase classname="backend.tests.test_invoice_rejection_inventory.TestInvoiceRejectionCalculation" name="test_get_invoices_endpoint" time="0.590" /><testcase classname="backend.tests.test_invoice_rejection_inventory.TestInvoiceRejectionCalculation" name="test_march_18_invoice_rejection_amount" time="0.101" /><testcase classname="backend.tests.test_invoice_rejection_inventory.TestInvoiceRejectionCalculation" name="test_rejection_calculation_formula" time="0.114" /><testcase classname="backend.tests.test_invoice_rejection_inventory.TestRetailerInventoryEndpoints" name="test_get_inventory_endpoint" time="0.425" /><testcase classname="backend.tests.test_invoice_rejection_inventory.TestRetailerInventoryEndpoints" name="test_get_inventory_by_date" time="0.139" /><testcase classname="backend.tests.test_invoice_rejection_inventory.TestRetailerInventoryEndpoints" name="test_generate_inventory_from_dispatch" time="0.099" /><testcase classname="backend.tests.test_invoice_rejection_inventory.TestRetailerInventoryEndpoints" name="test_inventory_item_structure" time="0.104" /><testcase classname="backend.tests.test_invoice_rejection_inventory.TestRetailerInventoryEndpoints" name="test_update_inventory_item" time="0.301" /><testcase classname="backend.tests.test_invoice_rejection_inventory.TestRetailerInventoryEndpoints" name="test_closing_qty_formula" time="0.101" /><testcase classname="backend.tests.test_invoice_rejection_inventory.TestRetailerDashboard" name="test_retailer_dashboard_endpoint" time="0.144" /><testcase classname="backend.tests.test_invoice_rejection_inventory.TestRetailerDashboard" name="test_retailer_dispatches_endpoint" time="0.147" /></testsuite></testsuites>