<?xml version="1.0" encoding="utf-8"?><testsuites name="pytest tests"><testsuite name="pytest" errors="0" failures="0" skipped="0" tests="8" time="0.960" timestamp="2026-03-29T04:59:37.352151+00:00" hostname="agent-env-5d819c6b-820c-426b-9f42-26be04eecaef"><testcase classname="tests.test_p0_features.TestProcurementPreviousDay" name="test_previous_day_endpoint_exists" time="0.536" /><testcase classname="tests.test_p0_features.TestProcurementPreviousDay" name="test_previous_day_returns_list" time="0.049" /><testcase classname="tests.test_p0_features.TestProcurementPreviousDay" name="test_previous_day_data_structure" time="0.060" /><testcase classname="tests.test_p0_features.TestRetailerInvoiceWithRejections" name="test_get_retailer_rejections" time="0.048" /><testcase classname="tests.test_p0_features.TestRetailerInvoiceWithRejections" name="test_get_uninvoiced_dispatches" time="0.053" /><testcase classname="tests.test_p0_features.TestRetailerInvoiceWithRejections" name="test_get_retailer_invoices" time="0.048" /><testcase classname="tests.test_p0_features.TestRetailerDispatchesAPI" name="test_get_dispatches" time="0.059" /><testcase classname="tests.test_p0_features.TestProcurementAPI" name="test_get_procurements" time="0.049" /></testsuite></testsuites>