<?xml version="1.0" encoding="utf-8"?><testsuites name="pytest tests"><testsuite name="pytest" errors="0" failures="0" skipped="0" tests="14" time="7.999" timestamp="2026-04-08T10:19:46.824178+00:00" hostname="agent-env-5d819c6b-820c-426b-9f42-26be04eecaef"><testcase classname="backend.tests.test_labor_costs.TestLabourManagement" name="test_list_labours" time="0.564" /><testcase classname="backend.tests.test_labor_costs.TestLabourManagement" name="test_create_labour" time="0.428" /><testcase classname="backend.tests.test_labor_costs.TestLabourManagement" name="test_create_labour_duplicate_name" time="0.483" /><testcase classname="backend.tests.test_labor_costs.TestLabourManagement" name="test_update_labour" time="0.511" /><testcase classname="backend.tests.test_labor_costs.TestLabourManagement" name="test_delete_labour_no_attendance" time="0.473" /><testcase classname="backend.tests.test_labor_costs.TestLabourManagement" name="test_toggle_labour_active_status" time="0.507" /><testcase classname="backend.tests.test_labor_costs.TestLabourAttendance" name="test_get_attendance_for_date" time="0.804" /><testcase classname="backend.tests.test_labor_costs.TestLabourAttendance" name="test_save_single_attendance" time="0.824" /><testcase classname="backend.tests.test_labor_costs.TestLabourAttendance" name="test_save_bulk_attendance" time="0.897" /><testcase classname="backend.tests.test_labor_costs.TestLabourAttendance" name="test_attendance_absent_no_payment" time="0.861" /><testcase classname="backend.tests.test_labor_costs.TestLabourCostsSummary" name="test_get_costs_summary" time="0.377" /><testcase classname="backend.tests.test_labor_costs.TestLabourCostsSummary" name="test_costs_summary_empty_range" time="0.437" /><testcase classname="backend.tests.test_labor_costs.TestSidebarNavigation" name="test_admin_can_access_labor_costs" time="0.386" /><testcase classname="backend.tests.test_labor_costs.TestSidebarNavigation" name="test_staff_can_access_attendance" time="0.371" /></testsuite></testsuites>