<?xml version="1.0" encoding="utf-8"?><testsuites name="pytest tests"><testsuite name="pytest" errors="0" failures="0" skipped="0" tests="10" time="4.853" timestamp="2026-05-27T00:39:33.797143+00:00" hostname="agent-env-5d819c6b-820c-426b-9f42-26be04eecaef"><testcase classname="tests.test_credit_notes.TestCreditNotes" name="test_01_health_check" time="0.566" /><testcase classname="tests.test_credit_notes.TestCreditNotes" name="test_02_get_pending_credit_notes" time="0.390" /><testcase classname="tests.test_credit_notes.TestCreditNotes" name="test_03_get_all_credit_notes" time="0.449" /><testcase classname="tests.test_credit_notes.TestCreditNotes" name="test_04_get_credit_note_summary" time="0.393" /><testcase classname="tests.test_credit_notes.TestCreditNotes" name="test_05_get_retailer_invoices" time="0.448" /><testcase classname="tests.test_credit_notes.TestCreditNotes" name="test_06_create_credit_note" time="0.517" /><testcase classname="tests.test_credit_notes.TestCreditNotes" name="test_07_payment_with_credit_adjustment" time="0.627" /><testcase classname="tests.test_credit_notes.TestCreditNotes" name="test_08_payment_with_cash_and_credit" time="0.548" /><testcase classname="tests.test_credit_notes.TestCreditNotes" name="test_09_verify_credit_note_status_after_adjustment" time="0.381" /><testcase classname="tests.test_credit_notes.TestCreditNotes" name="test_10_delete_test_credit_note" time="0.464" /></testsuite></testsuites>