<?xml version="1.0" encoding="utf-8"?><testsuites name="pytest tests"><testsuite name="pytest" errors="0" failures="0" skipped="0" tests="8" time="3.209" timestamp="2026-04-01T06:10:53.157999+00:00" hostname="agent-env-5d819c6b-820c-426b-9f42-26be04eecaef"><testcase classname="backend.tests.test_wastage_distribution_fix.TestWastageDistributionFix" name="test_qc_only_date_vertical_bifurcation" time="0.396" /><testcase classname="backend.tests.test_wastage_distribution_fix.TestWastageDistributionFix" name="test_retail_only_date_vertical_bifurcation" time="0.405" /><testcase classname="backend.tests.test_wastage_distribution_fix.TestWastageDistributionFix" name="test_mixed_date_vertical_bifurcation" time="0.392" /><testcase classname="backend.tests.test_wastage_distribution_fix.TestWastageDistributionFix" name="test_wastage_distribution_uses_kg_ratio" time="0.384" /><testcase classname="backend.tests.test_wastage_distribution_fix.TestWastageDistributionFix" name="test_vertical_bifurcation_structure" time="0.411" /><testcase classname="backend.tests.test_wastage_distribution_fix.TestWastageDistributionFix" name="test_line_items_have_required_fields" time="0.376" /><testcase classname="backend.tests.test_wastage_distribution_fix.TestSummaryTotalsMatch" name="test_total_purchase_equals_sum_of_cogs" time="0.375" /><testcase classname="backend.tests.test_wastage_distribution_fix.TestSummaryTotalsMatch" name="test_total_wastage_equals_sum_of_wastage_values" time="0.422" /></testsuite></testsuites>