<?xml version="1.0" encoding="utf-8"?><testsuites name="pytest tests"><testsuite name="pytest" errors="0" failures="0" skipped="1" tests="7" time="1.604" timestamp="2026-04-13T04:26:46.515978+00:00" hostname="agent-env-5d819c6b-820c-426b-9f42-26be04eecaef"><testcase classname="tests.test_stock_closing_validation.TestStockClosingValidation" name="test_health_check" time="0.199" /><testcase classname="tests.test_stock_closing_validation.TestStockClosingValidation" name="test_get_closable_products" time="0.458" /><testcase classname="tests.test_stock_closing_validation.TestStockClosingValidation" name="test_partial_close_rejected" time="0.213" /><testcase classname="tests.test_stock_closing_validation.TestStockClosingValidation" name="test_empty_entries_rejected" time="0.128" /><testcase classname="tests.test_stock_closing_validation.TestStockClosingValidation" name="test_full_close_accepted" time="0.106"><skipped type="pytest.skip" message="No open products to close for test date">/app/backend/tests/test_stock_closing_validation.py:161: No open products to close for test date</skipped></testcase><testcase classname="tests.test_stock_closing_validation.TestStockClosingValidation" name="test_get_stock_status_today" time="0.145" /><testcase classname="tests.test_stock_closing_validation.TestStockStatusEndpoints" name="test_stock_status_history" time="0.307" /></testsuite></testsuites>