<?xml version="1.0" encoding="utf-8"?><testsuites name="pytest tests"><testsuite name="pytest" errors="0" failures="0" skipped="0" tests="10" time="4.543" timestamp="2026-05-21T06:03:12.512376+00:00" hostname="agent-env-5d819c6b-820c-426b-9f42-26be04eecaef"><testcase classname="backend.tests.test_payment_details.TestPaymentDetailsAPI" name="test_health_check" time="0.459" /><testcase classname="backend.tests.test_payment_details.TestPaymentDetailsAPI" name="test_retailer_login_success" time="0.611" /><testcase classname="backend.tests.test_payment_details.TestPaymentDetailsAPI" name="test_payment_details_endpoint_exists" time="0.401" /><testcase classname="backend.tests.test_payment_details.TestPaymentDetailsAPI" name="test_payment_details_totals_structure" time="0.378" /><testcase classname="backend.tests.test_payment_details.TestPaymentDetailsAPI" name="test_payment_details_date_entry_structure" time="0.382" /><testcase classname="backend.tests.test_payment_details.TestPaymentDetailsAPI" name="test_payment_details_invoice_structure" time="0.386" /><testcase classname="backend.tests.test_payment_details.TestPaymentDetailsAPI" name="test_payment_details_item_structure" time="0.386" /><testcase classname="backend.tests.test_payment_details.TestPaymentDetailsAPI" name="test_payment_details_with_date_filter" time="0.380" /><testcase classname="backend.tests.test_payment_details.TestPaymentDetailsAPI" name="test_payment_details_empty_date_filter" time="0.392" /><testcase classname="backend.tests.test_payment_details.TestPaymentDetailsAPI" name="test_payment_details_non_retailer_access" time="0.702" /></testsuite></testsuites>