<?xml version="1.0" encoding="utf-8"?><testsuites name="pytest tests"><testsuite name="pytest" errors="0" failures="0" skipped="0" tests="10" time="4.524" timestamp="2026-04-01T05:44:12.738135+00:00" hostname="agent-env-5d819c6b-820c-426b-9f42-26be04eecaef"><testcase classname="tests.test_commission_feature.TestCommissionFeature" name="test_01_retailer_has_commission_percentage" time="0.566" /><testcase classname="tests.test_commission_feature.TestCommissionFeature" name="test_02_pnl_api_returns_commission_in_line_items" time="0.448" /><testcase classname="tests.test_commission_feature.TestCommissionFeature" name="test_03_product_commission_equals_revenue_times_commission_pct" time="0.430" /><testcase classname="tests.test_commission_feature.TestCommissionFeature" name="test_04_product_gross_profit_includes_commission_deduction" time="0.439" /><testcase classname="tests.test_commission_feature.TestCommissionFeature" name="test_05_product_gross_margin_calculated_correctly" time="0.435" /><testcase classname="tests.test_commission_feature.TestCommissionFeature" name="test_06_sum_of_product_commissions_equals_customer_commission" time="0.443" /><testcase classname="tests.test_commission_feature.TestCommissionFeature" name="test_07_customer_commission_equals_vertical_commission" time="0.429" /><testcase classname="tests.test_commission_feature.TestCommissionFeature" name="test_08_vertical_gross_profit_includes_commission" time="0.423" /><testcase classname="tests.test_commission_feature.TestCommissionFeature" name="test_09_summary_gross_profit_includes_commission" time="0.431" /><testcase classname="tests.test_commission_feature.TestCommissionFeature" name="test_10_commission_only_applies_to_retail_not_qc" time="0.433" /></testsuite></testsuites>