<?xml version="1.0" encoding="utf-8"?><testsuites name="pytest tests"><testsuite name="pytest" errors="0" failures="0" skipped="0" tests="8" time="3.386" timestamp="2026-04-01T07:07:18.017191+00:00" hostname="agent-env-5d819c6b-820c-426b-9f42-26be04eecaef"><testcase classname="tests.test_wastage_dispatch_grn_loss.TestWastageDispatchAndGRNLoss" name="test_pnl_api_returns_grn_loss_for_qc" time="0.423" /><testcase classname="tests.test_wastage_dispatch_grn_loss.TestWastageDispatchAndGRNLoss" name="test_pnl_api_returns_commission_for_retail" time="0.444" /><testcase classname="tests.test_wastage_dispatch_grn_loss.TestWastageDispatchAndGRNLoss" name="test_qc_net_profit_includes_grn_loss" time="0.389" /><testcase classname="tests.test_wastage_dispatch_grn_loss.TestWastageDispatchAndGRNLoss" name="test_palak_uses_dispatch_qty_for_wastage" time="0.412" /><testcase classname="tests.test_wastage_dispatch_grn_loss.TestWastageDispatchAndGRNLoss" name="test_line_items_have_supplied_kg_field" time="0.424" /><testcase classname="tests.test_wastage_dispatch_grn_loss.TestWastageDispatchAndGRNLoss" name="test_vertical_bifurcation_structure" time="0.391" /><testcase classname="tests.test_wastage_dispatch_grn_loss.TestDispatchDataVerification" name="test_qc_dispatches_for_march_31" time="0.475" /><testcase classname="tests.test_wastage_dispatch_grn_loss.TestDispatchDataVerification" name="test_qc_grns_for_march_31" time="0.373" /></testsuite></testsuites>