<?xml version="1.0" encoding="utf-8"?><testsuites name="pytest tests"><testsuite name="pytest" errors="0" failures="0" skipped="0" tests="11" time="4.914" timestamp="2026-04-01T05:18:18.035008+00:00" hostname="agent-env-5d819c6b-820c-426b-9f42-26be04eecaef"><testcase classname="tests.test_variable_expense_vertical.TestVariableExpenseVertical" name="test_01_create_variable_expense_with_qc_vertical" time="0.441" /><testcase classname="tests.test_variable_expense_vertical.TestVariableExpenseVertical" name="test_02_create_variable_expense_with_retail_vertical" time="0.421" /><testcase classname="tests.test_variable_expense_vertical.TestVariableExpenseVertical" name="test_03_create_variable_expense_with_all_vertical" time="0.481" /><testcase classname="tests.test_variable_expense_vertical.TestVariableExpenseVertical" name="test_04_get_variable_expenses_with_vertical_field" time="0.383" /><testcase classname="tests.test_variable_expense_vertical.TestVariableExpenseVertical" name="test_05_pnl_api_returns_vertical_bifurcation" time="0.378" /><testcase classname="tests.test_variable_expense_vertical.TestVariableExpenseVertical" name="test_06_verify_expense_allocation_logic" time="0.662" /><testcase classname="tests.test_variable_expense_vertical.TestVariableExpenseVertical" name="test_07_fixed_expenses_split_equally" time="0.395" /><testcase classname="tests.test_variable_expense_vertical.TestVariableExpenseVertical" name="test_08_update_variable_expense_vertical" time="0.556" /><testcase classname="tests.test_variable_expense_vertical.TestVariableExpenseVertical" name="test_09_dashboard_qc_retail_metrics" time="0.393" /><testcase classname="tests.test_variable_expense_vertical.TestFixedExpenseAllocation" name="test_01_get_fixed_expenses" time="0.374" /><testcase classname="tests.test_variable_expense_vertical.TestFixedExpenseAllocation" name="test_02_fixed_expenses_in_pnl_summary" time="0.377" /></testsuite></testsuites>