<?xml version="1.0" encoding="utf-8"?><testsuites name="pytest tests"><testsuite name="pytest" errors="0" failures="0" skipped="0" tests="13" time="7.997" timestamp="2026-04-07T05:55:07.107599+00:00" hostname="agent-env-5d819c6b-820c-426b-9f42-26be04eecaef"><testcase classname="backend.tests.test_units_products.TestUnitsAPI" name="test_01_get_units" time="0.612" /><testcase classname="backend.tests.test_units_products.TestUnitsAPI" name="test_02_create_unit" time="0.551" /><testcase classname="backend.tests.test_units_products.TestUnitsAPI" name="test_03_create_duplicate_unit_fails" time="0.458" /><testcase classname="backend.tests.test_units_products.TestUnitsAPI" name="test_04_update_unit" time="0.675" /><testcase classname="backend.tests.test_units_products.TestUnitsAPI" name="test_05_delete_unit_not_in_use" time="0.665" /><testcase classname="backend.tests.test_units_products.TestUnitsAPI" name="test_06_delete_unit_in_use_fails" time="0.588" /><testcase classname="backend.tests.test_units_products.TestUnitsAPI" name="test_07_seed_defaults_when_units_exist" time="0.433" /><testcase classname="backend.tests.test_units_products.TestProductsAPI" name="test_01_get_products_list" time="0.420" /><testcase classname="backend.tests.test_units_products.TestProductsAPI" name="test_02_products_have_valid_units" time="0.537" /><testcase classname="backend.tests.test_units_products.TestProductsAPI" name="test_03_create_product_with_unit" time="0.576" /><testcase classname="backend.tests.test_units_products.TestProductsAPI" name="test_04_product_dependencies_check" time="0.574" /><testcase classname="backend.tests.test_units_products.TestProductsAPI" name="test_05_delete_product_no_dependencies" time="0.750" /><testcase classname="backend.tests.test_units_products.TestInvoicePaymentTracking" name="test_01_get_retailer_invoices" time="1.085" /></testsuite></testsuites>