<?xml version="1.0" encoding="utf-8"?><testsuites name="pytest tests"><testsuite name="pytest" errors="0" failures="0" skipped="0" tests="19" time="2.787" timestamp="2026-06-02T09:25:42.487233+00:00" hostname="agent-env-5d819c6b-820c-426b-9f42-26be04eecaef"><testcase classname="backend.tests.test_auto_indent_weight_grouping.TestWeightExtraction" name="test_basic_gram_formats" time="0.000" /><testcase classname="backend.tests.test_auto_indent_weight_grouping.TestWeightExtraction" name="test_plus_sign_variants" time="0.000" /><testcase classname="backend.tests.test_auto_indent_weight_grouping.TestWeightExtraction" name="test_kg_to_gram_conversion" time="0.000" /><testcase classname="backend.tests.test_auto_indent_weight_grouping.TestWeightExtraction" name="test_1kg_equals_1000gm" time="0.000" /><testcase classname="backend.tests.test_auto_indent_weight_grouping.TestWeightExtraction" name="test_500g_variants_grouped" time="0.000" /><testcase classname="backend.tests.test_auto_indent_weight_grouping.TestWeightExtraction" name="test_different_weights_remain_separate" time="0.000" /><testcase classname="backend.tests.test_auto_indent_weight_grouping.TestWeightExtraction" name="test_no_weight_returns_empty" time="0.000" /><testcase classname="backend.tests.test_auto_indent_weight_grouping.TestWeightExtraction" name="test_product_name_with_weight" time="0.000" /><testcase classname="backend.tests.test_auto_indent_weight_grouping.TestWeightExtraction" name="test_decimal_weights" time="0.000" /><testcase classname="backend.tests.test_auto_indent_weight_grouping.TestAutoIndentAPI" name="test_health_check" time="0.567" /><testcase classname="backend.tests.test_auto_indent_weight_grouping.TestAutoIndentAPI" name="test_retailer_exists" time="0.381" /><testcase classname="backend.tests.test_auto_indent_weight_grouping.TestAutoIndentAPI" name="test_auto_indent_endpoint_exists" time="0.369" /><testcase classname="backend.tests.test_auto_indent_weight_grouping.TestAutoIndentAPI" name="test_auto_indent_requires_retailer_id" time="0.376" /><testcase classname="backend.tests.test_auto_indent_weight_grouping.TestAutoIndentAPI" name="test_auto_indent_generation" time="0.501" /><testcase classname="backend.tests.test_auto_indent_weight_grouping.TestAutoIndentAPI" name="test_auto_indent_with_existing_indent" time="0.511" /><testcase classname="backend.tests.test_auto_indent_weight_grouping.TestWeightGroupingLogic" name="test_grouping_same_weight_different_names" time="0.000" /><testcase classname="backend.tests.test_auto_indent_weight_grouping.TestWeightGroupingLogic" name="test_grouping_different_weights_separate" time="0.000" /><testcase classname="backend.tests.test_auto_indent_weight_grouping.TestWeightGroupingLogic" name="test_grouping_non_weight_variants_separate" time="0.000" /><testcase classname="backend.tests.test_auto_indent_weight_grouping.TestWeightGroupingLogic" name="test_500_plus_gm_grouped_with_500gm" time="0.000" /></testsuite></testsuites>