<?xml version="1.0" encoding="utf-8"?><testsuites name="pytest tests"><testsuite name="pytest" errors="0" failures="0" skipped="0" tests="11" time="15.970" timestamp="2026-04-27T02:31:17.034039+00:00" hostname="agent-env-5d819c6b-820c-426b-9f42-26be04eecaef"><testcase classname="tests.test_ocr_indent.TestOCREndpoints" name="test_health_check" time="0.277" /><testcase classname="tests.test_ocr_indent.TestOCREndpoints" name="test_ocr_endpoint_requires_auth" time="0.106" /><testcase classname="tests.test_ocr_indent.TestOCREndpoints" name="test_ocr_endpoint_rejects_invalid_file_type" time="0.485" /><testcase classname="tests.test_ocr_indent.TestOCREndpoints" name="test_ocr_endpoint_with_valid_image" time="7.441" /><testcase classname="tests.test_ocr_indent.TestOCREndpoints" name="test_create_from_ocr_requires_auth" time="0.141" /><testcase classname="tests.test_ocr_indent.TestOCREndpoints" name="test_create_from_ocr_requires_items" time="0.160" /><testcase classname="tests.test_ocr_indent.TestOCREndpoints" name="test_create_from_ocr_success" time="0.124" /><testcase classname="tests.test_ocr_indent.TestOCREndpoints" name="test_verify_created_indent" time="0.121" /><testcase classname="tests.test_ocr_indent.TestProductMatching" name="test_get_products" time="0.112" /><testcase classname="tests.test_ocr_indent.TestProductMatching" name="test_get_packaging" time="0.126" /><testcase classname="tests.test_ocr_indent.TestOCRIntegration" name="test_full_ocr_flow" time="6.819" /></testsuite></testsuites>