<?xml version="1.0" encoding="utf-8"?><testsuites name="pytest tests"><testsuite name="pytest" errors="0" failures="0" skipped="0" tests="10" time="5.412" timestamp="2026-06-01T10:21:38.674835+00:00" hostname="agent-env-5d819c6b-820c-426b-9f42-26be04eecaef"><testcase classname="backend.tests.test_procurement_payment_features.TestProcurementPaymentFeatures" name="test_health_check" time="0.424" /><testcase classname="backend.tests.test_procurement_payment_features.TestProcurementPaymentFeatures" name="test_get_procurements_with_date_range" time="0.412" /><testcase classname="backend.tests.test_procurement_payment_features.TestProcurementPaymentFeatures" name="test_find_employee_paid_procurement" time="0.449" /><testcase classname="backend.tests.test_procurement_payment_features.TestProcurementPaymentFeatures" name="test_update_procurement_with_reimbursement" time="0.589" /><testcase classname="backend.tests.test_procurement_payment_features.TestProcurementPaymentFeatures" name="test_partial_reimbursement" time="1.112" /><testcase classname="backend.tests.test_procurement_payment_features.TestProcurementPaymentFeatures" name="test_excess_reimbursement_creates_credit" time="0.537" /><testcase classname="backend.tests.test_procurement_payment_features.TestProcurementPaymentFeatures" name="test_get_farmers_list" time="0.392" /><testcase classname="backend.tests.test_procurement_payment_features.TestProcurementPaymentFeatures" name="test_procurement_payments_endpoint" time="0.564" /><testcase classname="backend.tests.test_procurement_payment_features.TestPendingPaymentsFeatures" name="test_get_procurements_with_pending_amounts" time="0.425" /><testcase classname="backend.tests.test_procurement_payment_features.TestPendingPaymentsFeatures" name="test_bulk_payment_data_structure" time="0.459" /></testsuite></testsuites>