<?xml version="1.0" encoding="utf-8"?><testsuites name="pytest tests"><testsuite name="pytest" errors="0" failures="1" skipped="0" tests="28" time="5.073" timestamp="2026-06-21T07:20:35.294953+00:00" hostname="agent-env-5d819c6b-820c-426b-9f42-26be04eecaef"><testcase classname="backend.tests.test_combo_pnl_integration.TestComboDetection" name="test_detects_all_known_combos" time="0.000" /><testcase classname="backend.tests.test_combo_pnl_integration.TestComboDetection" name="test_does_not_detect_regular_products" time="0.000" /><testcase classname="backend.tests.test_combo_pnl_integration.TestParseAllFiveCombos" name="test_parse_coriander_mint" time="0.001" /><testcase classname="backend.tests.test_combo_pnl_integration.TestParseAllFiveCombos" name="test_parse_curry_coriander" time="0.000" /><testcase classname="backend.tests.test_combo_pnl_integration.TestParseAllFiveCombos" name="test_parse_herbs_mix" time="0.000" /><testcase classname="backend.tests.test_combo_pnl_integration.TestParseAllFiveCombos" name="test_parse_fresh_spices_mix" time="0.000" /><testcase classname="backend.tests.test_combo_pnl_integration.TestParseAllFiveCombos" name="test_parse_spinach_coriander_typo" time="0.000" /><testcase classname="backend.tests.test_combo_pnl_integration.TestNormalization" name="test_mint_variants" time="0.000" /><testcase classname="backend.tests.test_combo_pnl_integration.TestNormalization" name="test_curry_variants" time="0.000" /><testcase classname="backend.tests.test_combo_pnl_integration.TestNormalization" name="test_spinach_to_palak" time="0.000" /><testcase classname="backend.tests.test_combo_pnl_integration.TestNormalization" name="test_green_chilli_variants" time="0.000" /><testcase classname="backend.tests.test_combo_pnl_integration.TestComboCogsMath" name="test_herbs_mix_cogs" time="0.000" /><testcase classname="backend.tests.test_combo_pnl_integration.TestComboCogsMath" name="test_missing_cogs_returns_zero" time="0.000" /><testcase classname="backend.tests.test_combo_pnl_integration.TestComboCogsMath" name="test_fuzzy_ingredient_match" time="0.000" /><testcase classname="backend.tests.test_combo_pnl_integration.TestPnlComboIntegration" name="test_pnl_endpoint_reachable" time="1.091" /><testcase classname="backend.tests.test_combo_pnl_integration.TestPnlComboIntegration" name="test_pnl_combo_line_items_have_combo_flags" time="0.804"><failure message="AssertionError: BUG: P&amp;L /reports/pnl response line_items are missing 'is_combo'. Combo metadata is populated in line_items_by_date but dropped during aggregation into detailed_line_items (dashboard_analytics.py ~L1285).&#10;assert 'is_combo' in {'cogs', 'commission', 'customer', 'customer_type', 'gross_margin', 'gross_profit', ...}">E   AssertionError: BUG: P&amp;L /reports/pnl response line_items are missing 'is_combo'. Combo metadata is populated in line_items_by_date but dropped during aggregation into detailed_line_items (dashboard_analytics.py ~L1285).
    assert 'is_combo' in {'cogs', 'commission', 'customer', 'customer_type', 'gross_margin', 'gross_profit', ...}</failure></testcase><testcase classname="backend.tests.test_combo_pnl_integration.TestPnlComboIntegration" name="test_pnl_unauthenticated_rejected" time="0.043" /><testcase classname="backend.tests.test_combo_utils.TestComboDetection" name="test_is_combo_product_valid" time="0.000" /><testcase classname="backend.tests.test_combo_utils.TestComboDetection" name="test_is_combo_product_invalid" time="0.000" /><testcase classname="backend.tests.test_combo_utils.TestComboParsing" name="test_parse_combo_1" time="0.000" /><testcase classname="backend.tests.test_combo_utils.TestComboParsing" name="test_parse_combo_2" time="0.000" /><testcase classname="backend.tests.test_combo_utils.TestComboParsing" name="test_parse_combo_3" time="0.000" /><testcase classname="backend.tests.test_combo_utils.TestComboParsing" name="test_parse_combo_with_typo" time="0.000" /><testcase classname="backend.tests.test_combo_utils.TestCogCalculation" name="test_calculate_combo_cogs" time="0.000" /><testcase classname="backend.tests.test_combo_utils.TestIngredientNormalization" name="test_normalize_mint" time="0.000" /><testcase classname="backend.tests.test_combo_utils.TestIngredientNormalization" name="test_normalize_curry" time="0.003" /><testcase classname="backend.tests.test_combo_utils.TestIngredientNormalization" name="test_normalize_palak" time="0.000" /><testcase classname="backend.tests.test_combo_utils.TestIngredientNormalization" name="test_normalize_green_chilli" time="0.000" /></testsuite></testsuites>