<?xml version="1.0" encoding="utf-8"?><testsuites name="pytest tests"><testsuite name="pytest" errors="0" failures="0" skipped="0" tests="5" time="1.989" timestamp="2026-08-17T06:58:38.816265+00:00" hostname="agent-env-5d819c6b-820c-426b-9f42-26be04eecaef"><testcase classname="backend.tests.test_regenerate_audit_orphan_relink.TestDeleteStoresPaymentIdsInAudit" name="test_audit_contains_payment_ids_unlinked" time="0.847" /><testcase classname="backend.tests.test_regenerate_audit_orphan_relink.TestDeleteStoresPaymentIdsInAudit" name="test_audit_contains_credit_note_adjustments" time="0.147" /><testcase classname="backend.tests.test_regenerate_audit_orphan_relink.TestOrphansEndpointCounts" name="test_needs_relinking_count_present_and_matches_array" time="0.223" /><testcase classname="backend.tests.test_regenerate_audit_orphan_relink.TestRegenerateUsesAuditRecord" name="test_regenerate_after_delete_uses_audit_and_relinks_orphan" time="0.405" /><testcase classname="backend.tests.test_regenerate_audit_orphan_relink.TestRegenerateUsesAuditRecord" name="test_regenerate_without_delete_reports_used_audit_record_false" time="0.174" /></testsuite></testsuites>