<?xml version="1.0" encoding="utf-8"?><testsuites name="pytest tests"><testsuite name="pytest" errors="0" failures="0" skipped="0" tests="8" time="0.822" timestamp="2026-06-25T13:54:15.321443+00:00" hostname="agent-env-5d819c6b-820c-426b-9f42-26be04eecaef"><testcase classname="backend.tests.test_auto_indent_distinct_products.TestPlanBasedAutoIndentDeduplication" name="test_parkway_chilli_variants_remain_distinct" time="0.677" /><testcase classname="backend.tests.test_auto_indent_distinct_products.TestPlanBasedAutoIndentDeduplication" name="test_each_plan_product_is_separate_line_item" time="0.007" /><testcase classname="backend.tests.test_auto_indent_distinct_products.TestPlanBasedAutoIndentDeduplication" name="test_total_qty_equals_sum_of_line_items" time="0.003" /><testcase classname="backend.tests.test_auto_indent_distinct_products.TestPlanBasedAutoIndentDeduplication" name="test_indent_basis_is_plan_and_metadata_present" time="0.003" /><testcase classname="backend.tests.test_auto_indent_distinct_products.TestCompositeKeyDeduplicationLogic" name="test_same_id_different_name_kept_distinct" time="0.000" /><testcase classname="backend.tests.test_auto_indent_distinct_products.TestCompositeKeyDeduplicationLogic" name="test_exact_duplicate_kept_once" time="0.000" /><testcase classname="backend.tests.test_auto_indent_distinct_products.TestCompositeKeyDeduplicationLogic" name="test_different_id_same_name_kept_distinct" time="0.000" /><testcase classname="backend.tests.test_auto_indent_distinct_products.TestCompositeKeyDeduplicationLogic" name="test_trailing_whitespace_in_name_treated_consistently" time="0.000" /></testsuite></testsuites>